Date: 24-Mar-16 11:53:02 PM
VBto Converter version: 2.66
-----------------------------------------
VBP:	E:\KASHYAP\SOFTWARES\College Examination System inst\Source Code\project Pragna Chetan Kashyap Kotak\CES\CES.vbp

file:	frmBranch.frm
file:	MDIForm1.frm
file:	Module1.bas
file:	frmSubjects.frm
file:	frmLogin.frm
file:	frmSplash.frm
file:	frmAddUser.frm
file:	frmDeleteUser.frm
file:	frmChangePass.frm
file:	frmAddQst.frm
file:	frmStudReg.frm
file:	frmStartExam.frm
file:	frmSelectExam.frm
file:	frmViewRptQst.frm
file:	frmStudRslt.frm
file:	Form1.frm
file:	frmDelSub.frm
file:	frmDelBranch.frm
file:	frmAbout.frm
file:	frmSplash2.frm
file:	frmExam.frm
file:	frmTT.frm
file:	frmNews.frm
file:	frmFeedback.frm
file:	frmAskdb.frm

End VBP. Time: 24-Mar-16 11:53:11 PM
